<?xml version="1.0" encoding="UTF-8"?>
<!-- Generated by org.testng.reporters.JUnitXMLReporter -->
<testsuite hostname="dell-PC" ignored="0" name="Free CRM App Test Cases" tests="3" failures="1" timestamp="01 Feb 2019 09:02:56 GMT" time="30.327" errors="0">
  <testcase name="stLoginPageTestTitle" time="0.193" classname="com.crm.qa.testcases.STLoginPageTest">
    <skipped/>
  </testcase> <!-- stLoginPageTestTitle -->
  <testcase name="stLoginPageTestTitle" time="0.016" classname="com.crm.qa.testcases.STLoginPageTest">
    <failure type="java.lang.AssertionError" message="expected [Smart Track] but found [Coupa CW]">
      <![CDATA[java.lang.AssertionError: expected [Smart Track] but found [Coupa CW]
	at com.crm.qa.testcases.STLoginPageTest.stLoginPageTestTitle(STLoginPageTest.java:42)
... Removed 31 stack frames]]>
    </failure>
  </testcase> <!-- stLoginPageTestTitle -->
  <testcase name="stLoginTest" time="1.367" classname="com.crm.qa.testcases.STLoginPageTest"/>
</testsuite> <!-- Free CRM App Test Cases -->
