<?xml version="1.0" encoding="UTF-8"?>
<testng-results skipped="0" failed="0" ignored="0" total="1" passed="1">
  <reporter-output>
  </reporter-output>
  <suite name="FREE CRM Application Test Automation Test Suite" duration-ms="26446" started-at="2019-02-06T12:59:09Z" finished-at="2019-02-06T12:59:36Z">
    <groups>
    </groups>
    <test name="Free CRM App Test Cases" duration-ms="26446" started-at="2019-02-06T12:59:09Z" finished-at="2019-02-06T12:59:36Z">
      <class name="com.crm.qa.testcases.STHomePageTest">
        <test-method status="PASS" signature="setUp()[pri:0, instance:com.crm.qa.testcases.STHomePageTest@598067a5]" name="setUp" is-config="true" duration-ms="10114" started-at="2019-02-06T18:29:09Z" finished-at="2019-02-06T18:29:19Z">
          <reporter-output>
          </reporter-output>
        </test-method> <!-- setUp -->
        <test-method status="PASS" signature="selectClientName()[pri:0, instance:com.crm.qa.testcases.STHomePageTest@598067a5]" name="selectClientName" duration-ms="16300" started-at="2019-02-06T18:29:19Z" finished-at="2019-02-06T18:29:36Z">
          <reporter-output>
          </reporter-output>
        </test-method> <!-- selectClientName -->
        <test-method status="PASS" signature="tearDown()[pri:0, instance:com.crm.qa.testcases.STHomePageTest@598067a5]" name="tearDown" is-config="true" duration-ms="0" started-at="2019-02-06T18:29:36Z" finished-at="2019-02-06T18:29:36Z">
          <reporter-output>
          </reporter-output>
        </test-method> <!-- tearDown -->
      </class> <!-- com.crm.qa.testcases.STHomePageTest -->
    </test> <!-- Free CRM App Test Cases -->
  </suite> <!-- FREE CRM Application Test Automation Test Suite -->
</testng-results>
